0.5 0.5 0.5 0.5 0.5 0.5 0.5 0.5 0.5 0.5 0.5 0.5 0.5 0.5 0.5
2.5 2.5 2.5 2.5 2.5 2.5 2.5 2.5 2.5 2.5 2.5 2.5 2.5 2.5 2.5
0.5 0.5 0.5 0.5 0.5 0.5 0.5 0.5 0.5 0.5 0.5 0.5 0.5 0.5 0.5
2.5 2.5 2.5 2.5 2.5 2.5 2.5 2.5 2.5 2.5 2.5 2.5 2.5 2.5 2.5
0.5 0.5 0.5 0.5 0.5 0.5 0.5 0.5 0.5 0.5 0.5 0.5 0.5 0.5 0.5
2.5 2.5 2.5 2.5 2.5 2.5 2.5 2.5 2.5 2.5 2.5 2.5 2.5 2.5 2.5
0.5 0.5 0.5 0.5 0.5 0.5 0.5 0.5 0.5 0.5 0.5 0.5 0.5 0.5 0.5
2.5 2.5 2.5 2.5 2.5 2.5 2.5 2.5 2.5 2.5 2.5 2.5 2.5 2.5 2.5
0.5 0.5 0.5 0.5 0.5 0.5 0.5 0.5 0.5 0.5 0.5 0.5 0.5 0.5 0.5
2.5 2.5 2.5 2.5 2.5 2.5 2.5 2.5 2.5 2.5 2.5 2.5 2.5 2.5 2.5
0.5 0.5 0.5 0.5 0.5 0.5 0.5 0.5 0.5 0.5 0.5 0.5 0.5 0.5 0.5
2.5 2.5 2.5 2.5 2.5 2.5 2.5 2.5 2.5 2.5 2.5 2.5 2.5 2.5 2.5
0.5 0.5 0.5 0.5 0.5 0.5 0.5 0.5 0.5 0.5 0.5 0.5 0.5 0.5 0.5
2.5 2.5 2.5 2.5 2.5 2.5 2.5 2.5 2.5 2.5 2.5 2.5 2.5 2.5 2.5
0.5 0.5 0.5 0.5 0.5 0.5 0.5 0.5 0.5 0.5 0.5 0.5 0.5 0.5 0.5
32.5 32.5 32.5 32.5 32.5 32.5 32.5 32.5 32.5 32.5 32.5
42.5 42.5 42.5 42.5 42.5 42.5 42.5 42.5 42.5 42.5 42.5
32.5 32.5 32.5 32.5 32.5 32.5 32.5 32.5 32.5 32.5 32.5
42.5 42.5 42.5 42.5 42.5 42.5 42.5 42.5 42.5 42.5 42.5
32.5 32.5 32.5 32.5 32.5 32.5 32.5 32.5 32.5 32.5 32.5
42.5 42.5 42.5 42.5 42.5 42.5 42.5 42.5 42.5 42.5 42.5
32.5 32.5 32.5 32.5 32.5 32.5 32.5 32.5 32.5 32.5 32.5
42.5 42.5 42.5 42.5 42.5 42.5 42.5 42.5 42.5 42.5 42.5
32.5 32.5 32.5 32.5 32.5 32.5 32.5 32.5 32.5 32.5 32.5
42.5 42.5 42.5 42.5 42.5 42.5 42.5 42.5 42.5 42.5 42.5
32.5 32.5 32.5 32.5 32.5 32.5 32.5 32.5 32.5 32.5 32.5
